<?xml version="1.0" encoding="UTF-8"?>
<!-- Generated by org.testng.reporters.JUnitReportReporter -->
<testsuite hostname="DESKTOP-T7VP4NH" name="git_test.GIT_Test" tests="1" failures="0" timestamp="8 Aug 2017 03:12:50 GMT" time="12.060" errors="0">
  <testcase name="logintest" time="12.060" classname="git_test.GIT_Test"/>
</testsuite> <!-- git_test.GIT_Test -->
