<?xml version="1.0" encoding="UTF-8"?>
<!-- Generated by org.testng.reporters.JUnitReportReporter -->
<testsuite hostname="DESKTOP-T7VP4NH" name="git_test.GIT_Test" tests="1" failures="0" timestamp="9 Aug 2017 04:27:39 GMT" time="13.029" errors="0">
  <testcase name="logintest" time="13.029" classname="git_test.GIT_Test"/>
</testsuite> <!-- git_test.GIT_Test -->
